<?xml version="1.0" encoding="utf-8"?><testsuites name="pytest tests"><testsuite name="pytest" errors="0" failures="0" skipped="0" tests="127" time="3.715" timestamp="2026-06-06T13:21:23.470989+02:00" hostname="pfe01"><testcase classname="mlops pipelines.tests.test_evaluate.TestGatekeepingThresholds" name="test_accuracy_threshold_value" time="0.001" /><testcase classname="mlops pipelines.tests.test_evaluate.TestGatekeepingThresholds" name="test_f1_threshold_value" time="0.001" /><testcase classname="mlops pipelines.tests.test_evaluate.TestGatekeepingThresholds" name="test_gatekeeping_passes_with_good_metrics" time="0.001" /><testcase classname="mlops pipelines.tests.test_evaluate.TestGatekeepingThresholds" name="test_gatekeeping_fails_with_low_accuracy" time="0.001" /><testcase classname="mlops pipelines.tests.test_evaluate.TestGatekeepingThresholds" name="test_gatekeeping_fails_with_low_f1" time="0.001" /><testcase classname="mlops pipelines.tests.test_evaluate.TestGatekeepingThresholds" name="test_hn_accuracy_above_threshold" time="0.001" /><testcase classname="mlops pipelines.tests.test_evaluate.TestGatekeepingThresholds" name="test_igd_accuracy_above_threshold" time="0.001" /><testcase classname="mlops pipelines.tests.test_evaluate.TestGatekeepingThresholds" name="test_hn_f1_above_threshold" time="0.001" /><testcase classname="mlops pipelines.tests.test_evaluate.TestGatekeepingThresholds" name="test_igd_f1_above_threshold" time="0.001" /><testcase classname="mlops pipelines.tests.test_evaluate.TestEvaluateModel" name="test_accuracy_score_between_0_and_1" time="0.067" /><testcase classname="mlops pipelines.tests.test_evaluate.TestEvaluateModel" name="test_f1_score_between_0_and_1" time="0.066" /><testcase classname="mlops pipelines.tests.test_evaluate.TestEvaluateModel" name="test_predictions_are_valid_classes" time="0.063" /><testcase classname="mlops pipelines.tests.test_evaluate.TestEvaluateModel" name="test_overfitting_gap_calculation" time="0.067" /><testcase classname="mlops pipelines.tests.test_evaluate.TestEvaluateModel" name="test_overfitting_status_good" time="0.001" /><testcase classname="mlops pipelines.tests.test_evaluate.TestEvaluateModel" name="test_overfitting_status_moderate" time="0.000" /><testcase classname="mlops pipelines.tests.test_evaluate.TestEvaluateModel" name="test_overfitting_status_high" time="0.000" /><testcase classname="mlops pipelines.tests.test_evaluate.TestDecisionMetrics" name="test_health_score_formula" time="0.001" /><testcase classname="mlops pipelines.tests.test_evaluate.TestDecisionMetrics" name="test_risk_score_formula" time="0.001" /><testcase classname="mlops pipelines.tests.test_evaluate.TestDecisionMetrics" name="test_risk_level_low" time="0.001" /><testcase classname="mlops pipelines.tests.test_evaluate.TestDecisionMetrics" name="test_risk_level_medium" time="0.001" /><testcase classname="mlops pipelines.tests.test_evaluate.TestDecisionMetrics" name="test_risk_level_high" time="0.001" /><testcase classname="mlops pipelines.tests.test_evaluate.TestDecisionMetrics" name="test_recommended_action_dispatch" time="0.000" /><testcase classname="mlops pipelines.tests.test_evaluate.TestDecisionMetrics" name="test_recommended_action_monitor" time="0.001" /><testcase classname="mlops pipelines.tests.test_evaluate.TestDecisionMetrics" name="test_recommended_action_no_action" time="0.000" /><testcase classname="mlops pipelines.tests.test_evaluate.TestDecisionMetrics" name="test_auto_ticket_condition" time="0.000" /><testcase classname="mlops pipelines.tests.test_evaluate.TestDecisionMetrics" name="test_auto_ticket_false_when_low_confidence" time="0.001" /><testcase classname="mlops pipelines.tests.test_evaluate.TestDecisionMetrics" name="test_priority_level_1" time="0.000" /><testcase classname="mlops pipelines.tests.test_evaluate.TestDecisionMetrics" name="test_priority_level_2" time="0.000" /><testcase classname="mlops pipelines.tests.test_evaluate.TestDecisionMetrics" name="test_priority_level_3" time="0.000" /><testcase classname="mlops pipelines.tests.test_evaluate.TestDecisionMetrics" name="test_class_map_correct" time="0.001" /><testcase classname="mlops pipelines.tests.test_evaluate.TestDecisionMetrics" name="test_predicted_class_valid" time="0.066" /><testcase classname="mlops pipelines.tests.test_evaluate.TestMonitoringKPI" name="test_retraining_threshold_value" time="0.001" /><testcase classname="mlops pipelines.tests.test_evaluate.TestMonitoringKPI" name="test_no_retraining_triggered_hn" time="0.001" /><testcase classname="mlops pipelines.tests.test_evaluate.TestMonitoringKPI" name="test_retraining_triggered_when_low_recall" time="0.000" /><testcase classname="mlops pipelines.tests.test_preprocessing.TestPreprocessHuaweiNokia" name="test_clean_data_numeric_columns" time="0.003" /><testcase classname="mlops pipelines.tests.test_preprocessing.TestPreprocessHuaweiNokia" name="test_clean_data_fills_nulls" time="0.003" /><testcase classname="mlops pipelines.tests.test_preprocessing.TestPreprocessHuaweiNokia" name="test_keep_most_recent_one_row_per_device" time="0.006" /><testcase classname="mlops pipelines.tests.test_preprocessing.TestPreprocessHuaweiNokia" name="test_keep_most_recent_keeps_last_timestamp" time="0.003" /><testcase classname="mlops pipelines.tests.test_preprocessing.TestPreprocessHuaweiNokia" name="test_select_features_correct_columns" time="0.002" /><testcase classname="mlops pipelines.tests.test_preprocessing.TestPreprocessHuaweiNokia" name="test_select_features_no_extra_columns" time="0.001" /><testcase classname="mlops pipelines.tests.test_preprocessing.TestPreprocessHuaweiNokia" name="test_health_score_valid_classes" time="0.001" /><testcase classname="mlops pipelines.tests.test_preprocessing.TestPreprocessHuaweiNokia" name="test_device_id_contains_huawei_or_nokia" time="0.001" /><testcase classname="mlops pipelines.tests.test_preprocessing.TestPreprocessIGD" name="test_clean_data_numeric_columns_igd" time="0.002" /><testcase classname="mlops pipelines.tests.test_preprocessing.TestPreprocessIGD" name="test_keep_most_recent_igd" time="0.003" /><testcase classname="mlops pipelines.tests.test_preprocessing.TestPreprocessIGD" name="test_select_features_igd_columns" time="0.001" /><testcase classname="mlops pipelines.tests.test_preprocessing.TestPreprocessIGD" name="test_device_id_starts_with_igd" time="0.001" /><testcase classname="mlops pipelines.tests.test_preprocessing.TestPreprocessIGD" name="test_no_negative_crc_errors" time="0.001" /><testcase classname="mlops pipelines.tests.test_preprocessing.TestPreprocessHNScenario3" name="test_only_devices_with_10_measures" time="0.003" /><testcase classname="mlops pipelines.tests.test_preprocessing.TestPreprocessHNScenario3" name="test_t_index_range" time="0.004" /><testcase classname="mlops pipelines.tests.test_preprocessing.TestPreprocessHNScenario3" name="test_slope_calculation" time="0.000" /><testcase classname="mlops pipelines.tests.test_preprocessing.TestPreprocessHNScenario3" name="test_slope_negative_means_degradation" time="0.000" /><testcase classname="mlops pipelines.tests.test_preprocessing.TestPreprocessHNScenario3" name="test_pivot_one_row_per_device" time="0.007" /><testcase classname="mlops pipelines.tests.test_preprocessing.TestPreprocessHNScenario3" name="test_rx_threshold_value" time="0.000" /><testcase classname="mlops pipelines.tests.test_preprocessing.TestPreprocessHNScenario3" name="test_jours_avant_seuil_positive_when_not_exceeded" time="0.000" /><testcase classname="mlops pipelines.tests.test_preprocessing.TestPreprocessHNScenario3" name="test_jours_avant_seuil_none_when_slope_positive" time="0.000" /><testcase classname="mlops pipelines.tests.test_preprocessing.TestPreprocessIGDScenario3" name="test_snr_threshold_value" time="0.001" /><testcase classname="mlops pipelines.tests.test_preprocessing.TestPreprocessIGDScenario3" name="test_slope_snr_calculation" time="0.001" /><testcase classname="mlops pipelines.tests.test_preprocessing.TestPreprocessIGDScenario3" name="test_only_devices_with_10_measures_igd" time="0.003" /><testcase classname="mlops pipelines.tests.test_preprocessing.TestPreprocessIGDScenario3" name="test_confidence_interval_formula" time="0.001" /><testcase classname="mlops pipelines.tests.test_preprocessing.TestPreprocessIGDScenario3" name="test_jours_avant_seuil_igd" time="0.001" /><testcase classname="mlops pipelines.tests.test_scenario3.TestSeuils" name="test_rx_threshold_value" time="0.000" /><testcase classname="mlops pipelines.tests.test_scenario3.TestSeuils" name="test_snr_threshold_value" time="0.000" /><testcase classname="mlops pipelines.tests.test_scenario3.TestSlopeCalculation" name="test_slope_formula" time="0.001" /><testcase classname="mlops pipelines.tests.test_scenario3.TestSlopeCalculation" name="test_slope_negative_means_degradation" time="0.000" /><testcase classname="mlops pipelines.tests.test_scenario3.TestSlopeCalculation" name="test_slope_positive_means_improvement" time="0.000" /><testcase classname="mlops pipelines.tests.test_scenario3.TestSlopeCalculation" name="test_slope_zero_means_stable" time="0.000" /><testcase classname="mlops pipelines.tests.test_scenario3.TestSlopeCalculation" name="test_slope_snr_calculation" time="0.000" /><testcase classname="mlops pipelines.tests.test_scenario3.TestJoursAvantSeuil" name="test_jours_none_when_slope_positive_hn" time="0.000" /><testcase classname="mlops pipelines.tests.test_scenario3.TestJoursAvantSeuil" name="test_jours_none_when_slope_zero_hn" time="0.000" /><testcase classname="mlops pipelines.tests.test_scenario3.TestJoursAvantSeuil" name="test_jours_positive_when_not_exceeded_hn" time="0.000" /><testcase classname="mlops pipelines.tests.test_scenario3.TestJoursAvantSeuil" name="test_jours_correct_value_hn" time="0.001" /><testcase classname="mlops pipelines.tests.test_scenario3.TestJoursAvantSeuil" name="test_jours_none_when_slope_positive_igd" time="0.000" /><testcase classname="mlops pipelines.tests.test_scenario3.TestJoursAvantSeuil" name="test_jours_positive_when_not_exceeded_igd" time="0.000" /><testcase classname="mlops pipelines.tests.test_scenario3.TestJoursAvantSeuil" name="test_jours_correct_value_igd" time="0.000" /><testcase classname="mlops pipelines.tests.test_scenario3.TestNiveauRisque" name="test_niveau_stable_when_slope_positive" time="0.000" /><testcase classname="mlops pipelines.tests.test_scenario3.TestNiveauRisque" name="test_niveau_critique_when_2_days_or_less" time="0.000" /><testcase classname="mlops pipelines.tests.test_scenario3.TestNiveauRisque" name="test_niveau_critique_exact_2_days" time="0.000" /><testcase classname="mlops pipelines.tests.test_scenario3.TestNiveauRisque" name="test_niveau_eleve_between_2_and_7" time="0.001" /><testcase classname="mlops pipelines.tests.test_scenario3.TestNiveauRisque" name="test_niveau_eleve_exact_7_days" time="0.001" /><testcase classname="mlops pipelines.tests.test_scenario3.TestNiveauRisque" name="test_niveau_modere_between_7_and_30" time="0.001" /><testcase classname="mlops pipelines.tests.test_scenario3.TestNiveauRisque" name="test_niveau_modere_exact_30_days" time="0.000" /><testcase classname="mlops pipelines.tests.test_scenario3.TestNiveauRisque" name="test_niveau_faible_above_30_days" time="0.000" /><testcase classname="mlops pipelines.tests.test_scenario3.TestNiveauRisque" name="test_valid_risk_levels_in_dataset" time="0.004" /><testcase classname="mlops pipelines.tests.test_scenario3.TestNiveauRisque" name="test_valid_risk_levels_igd" time="0.004" /><testcase classname="mlops pipelines.tests.test_scenario3.TestGetTendance" name="test_tendance_amelioration_rapide" time="0.001" /><testcase classname="mlops pipelines.tests.test_scenario3.TestGetTendance" name="test_tendance_amelioration_legere" time="0.000" /><testcase classname="mlops pipelines.tests.test_scenario3.TestGetTendance" name="test_tendance_stable" time="0.000" /><testcase classname="mlops pipelines.tests.test_scenario3.TestGetTendance" name="test_tendance_degradation_legere" time="0.000" /><testcase classname="mlops pipelines.tests.test_scenario3.TestGetTendance" name="test_tendance_degradation_moderee" time="0.000" /><testcase classname="mlops pipelines.tests.test_scenario3.TestGetTendance" name="test_tendance_degradation_rapide" time="0.000" /><testcase classname="mlops pipelines.tests.test_scenario3.TestGetAction" name="test_action_stable_hn" time="0.000" /><testcase classname="mlops pipelines.tests.test_scenario3.TestGetAction" name="test_action_critique_hn" time="0.000" /><testcase classname="mlops pipelines.tests.test_scenario3.TestGetAction" name="test_action_stable_igd" time="0.000" /><testcase classname="mlops pipelines.tests.test_scenario3.TestGetAction" name="test_action_critique_igd" time="0.000" /><testcase classname="mlops pipelines.tests.test_scenario3.TestIntervalleConfiance" name="test_ci_formula" time="0.001" /><testcase classname="mlops pipelines.tests.test_scenario3.TestIntervalleConfiance" name="test_ci_lower_less_than_upper" time="0.001" /><testcase classname="mlops pipelines.tests.test_scenario3.TestIntervalleConfiance" name="test_ci_in_dataset_hn" time="0.004" /><testcase classname="mlops pipelines.tests.test_scenario3.TestIntervalleConfiance" name="test_ci_in_dataset_igd" time="0.004" /><testcase classname="mlops pipelines.tests.test_scenario3.TestResultStructure" name="test_result_has_required_keys_hn" time="0.004" /><testcase classname="mlops pipelines.tests.test_scenario3.TestResultStructure" name="test_result_has_required_keys_igd" time="0.003" /><testcase classname="mlops pipelines.tests.test_scenario3.TestResultStructure" name="test_jours_is_none_for_stable_devices" time="0.004" /><testcase classname="mlops pipelines.tests.test_scenario3.TestResultStructure" name="test_dataset_not_empty" time="0.003" /><testcase classname="mlops pipelines.tests.test_scenario3.TestResultStructure" name="test_dataset_igd_not_empty" time="0.003" /><testcase classname="mlops pipelines.tests.test_training.TestSplitFeaturesTarget" name="test_device_id_removed_from_features_hn" time="0.002" /><testcase classname="mlops pipelines.tests.test_training.TestSplitFeaturesTarget" name="test_health_score_removed_from_features_hn" time="0.002" /><testcase classname="mlops pipelines.tests.test_training.TestSplitFeaturesTarget" name="test_correct_number_of_features_hn" time="0.002" /><testcase classname="mlops pipelines.tests.test_training.TestSplitFeaturesTarget" name="test_correct_number_of_features_igd" time="0.002" /><testcase classname="mlops pipelines.tests.test_training.TestSplitFeaturesTarget" name="test_target_has_3_classes" time="0.001" /><testcase classname="mlops pipelines.tests.test_training.TestSplitTrainTest" name="test_train_test_split_ratio_hn" time="0.003" /><testcase classname="mlops pipelines.tests.test_training.TestSplitTrainTest" name="test_no_overlap_between_train_and_test" time="0.003" /><testcase classname="mlops pipelines.tests.test_training.TestSplitTrainTest" name="test_total_samples_preserved" time="0.003" /><testcase classname="mlops pipelines.tests.test_training.TestTrainRandomForestHN" name="test_model_is_random_forest" time="0.150" /><testcase classname="mlops pipelines.tests.test_training.TestTrainRandomForestHN" name="test_model_has_correct_n_estimators" time="0.143" /><testcase classname="mlops pipelines.tests.test_training.TestTrainRandomForestHN" name="test_model_has_correct_max_depth" time="0.159" /><testcase classname="mlops pipelines.tests.test_training.TestTrainRandomForestHN" name="test_model_predicts_3_classes" time="0.171" /><testcase classname="mlops pipelines.tests.test_training.TestTrainRandomForestHN" name="test_model_predict_proba_sums_to_one" time="0.170" /><testcase classname="mlops pipelines.tests.test_training.TestTrainRandomForestHN" name="test_feature_importances_sum_to_one" time="0.152" /><testcase classname="mlops pipelines.tests.test_training.TestTrainRandomForestHN" name="test_feature_importances_count" time="0.173" /><testcase classname="mlops pipelines.tests.test_training.TestTrainRandomForestHN" name="test_model_classes_correct" time="0.148" /><testcase classname="mlops pipelines.tests.test_training.TestTrainRandomForestIGD" name="test_model_has_correct_max_depth_igd" time="0.152" /><testcase classname="mlops pipelines.tests.test_training.TestTrainRandomForestIGD" name="test_model_has_correct_min_samples_split_igd" time="0.147" /><testcase classname="mlops pipelines.tests.test_training.TestTrainRandomForestIGD" name="test_igd_model_predicts_valid_classes" time="0.178" /><testcase classname="mlops pipelines.tests.test_training.TestTrainRandomForestIGD" name="test_igd_model_proba_shape" time="0.158" /><testcase classname="mlops pipelines.tests.test_training.TestHyperparameters" name="test_hn_hyperparameters" time="0.001" /><testcase classname="mlops pipelines.tests.test_training.TestHyperparameters" name="test_igd_hyperparameters" time="0.001" /><testcase classname="mlops pipelines.tests.test_training.TestHyperparameters" name="test_test_size_is_20_percent" time="0.000" /><testcase classname="mlops pipelines.tests.test_training.TestHyperparameters" name="test_random_state_reproducibility" time="0.028" /></testsuite></testsuites>